# JRE version: Java(TM) SE Runtime Environment (8.0_45-b14) (build 1.8.0_45-b14)
# Java VM: Java HotSpot(TM) 64-Bit Server VM (25.45-b02 mixed mode linux-amd64 compressed oops)
Heap:
 PSYoungGen      total 274432K, used 1775K [0x00000000eab00000, 0x0000000100000000, 0x0000000100000000)
  eden space 199680K, 0% used [0x00000000eab00000,0x00000000eab00000,0x00000000f6e00000)
  from space 74752K, 2% used [0x00000000f6e00000,0x00000000f6fbbeb8,0x00000000fb700000)
  to   space 70144K, 0% used [0x00000000fbb80000,0x00000000fbb80000,0x0000000100000000)
 ParOldGen       total 363008K, used 362740K [0x00000000c0000000, 0x00000000d6280000, 0x00000000eab00000)
  object space 363008K, 99% used [0x00000000c0000000,0x00000000d623d1f8,0x00000000d6280000)
 Metaspace       used 6210K, capacity 7220K, committed 7296K, reserved 1056768K
  class space    used 585K, capacity 616K, committed 640K, reserved 1048576K
GC Heap History (10 events):
Event: 29.679 GC heap after
Heap after GC invocations=20 (full 4):
 PSYoungGen      total 285184K, used 38087K [0x00000000eab00000, 0x0000000100000000, 0x0000000100000000)
  eden space 225280K, 0% used [0x00000000eab00000,0x00000000eab00000,0x00000000f8700000)
  from space 59904K, 63% used [0x00000000fc580000,0x00000000feab1fa0,0x0000000100000000)
  to   space 61952K, 0% used [0x00000000f8700000,0x00000000f8700000,0x00000000fc380000)
 ParOldGen       total 268288K, used 230630K [0x00000000c0000000, 0x00000000d0600000, 0x00000000eab00000)
  object space 268288K, 85% used [0x00000000c0000000,0x00000000ce139ac8,0x00000000d0600000)
 Metaspace       used 6195K, capacity 7220K, committed 7296K, reserved 1056768K
  class space    used 585K, capacity 616K, committed 640K, reserved 1048576K
}
Event: 29.679 GC heap before
{Heap before GC invocations=21 (full 5):
 PSYoungGen      total 285184K, used 38087K [0x00000000eab00000, 0x0000000100000000, 0x0000000100000000)
  eden space 225280K, 0% used [0x00000000eab00000,0x00000000eab00000,0x00000000f8700000)
  from space 59904K, 63% used [0x00000000fc580000,0x00000000feab1fa0,0x0000000100000000)
  to   space 61952K, 0% used [0x00000000f8700000,0x00000000f8700000,0x00000000fc380000)
 ParOldGen       total 268288K, used 230630K [0x00000000c0000000, 0x00000000d0600000, 0x00000000eab00000)
  object space 268288K, 85% used [0x00000000c0000000,0x00000000ce139ac8,0x00000000d0600000)
 Metaspace       used 6195K, capacity 7220K, committed 7296K, reserved 1056768K
  class space    used 585K, capacity 616K, committed 640K, reserved 1048576K
Event: 31.403 GC heap after
Heap after GC invocations=21 (full 5):
 PSYoungGen      total 285184K, used 0K [0x00000000eab00000, 0x0000000100000000, 0x0000000100000000)
  eden space 225280K, 0% used [0x00000000eab00000,0x00000000eab00000,0x00000000f8700000)
  from space 59904K, 0% used [0x00000000fc580000,0x00000000fc580000,0x0000000100000000)
  to   space 61952K, 0% used [0x00000000f8700000,0x00000000f8700000,0x00000000fc380000)
 ParOldGen       total 363008K, used 267636K [0x00000000c0000000, 0x00000000d6280000, 0x00000000eab00000)
  object space 363008K, 73% used [0x00000000c0000000,0x00000000d055d110,0x00000000d6280000)
 Metaspace       used 6195K, capacity 7220K, committed 7296K, reserved 1056768K
  class space    used 585K, capacity 616K, committed 640K, reserved 1048576K
}
Event: 33.647 GC heap before
{Heap before GC invocations=22 (full 5):
 PSYoungGen      total 285184K, used 225280K [0x00000000eab00000, 0x0000000100000000, 0x0000000100000000)
  eden space 225280K, 100% used [0x00000000eab00000,0x00000000f8700000,0x00000000f8700000)
  from space 59904K, 0% used [0x00000000fc580000,0x00000000fc580000,0x0000000100000000)
  to   space 61952K, 0% used [0x00000000f8700000,0x00000000f8700000,0x00000000fc380000)
 ParOldGen       total 363008K, used 267636K [0x00000000c0000000, 0x00000000d6280000, 0x00000000eab00000)
  object space 363008K, 73% used [0x00000000c0000000,0x00000000d055d110,0x00000000d6280000)
 Metaspace       used 6207K, capacity 7220K, committed 7296K, reserved 1056768K
  class space    used 585K, capacity 616K, committed 640K, reserved 1048576K
Event: 33.694 GC heap after
Heap after GC invocations=22 (full 5):
 PSYoungGen      total 287232K, used 34865K [0x00000000eab00000, 0x0000000100000000, 0x0000000100000000)
  eden space 225280K, 0% used [0x00000000eab00000,0x00000000eab00000,0x00000000f8700000)
  from space 61952K, 56% used [0x00000000f8700000,0x00000000fa90c450,0x00000000fc380000)
  to   space 61952K, 0% used [0x00000000fc380000,0x00000000fc380000,0x0000000100000000)
 ParOldGen       total 363008K, used 267644K [0x00000000c0000000, 0x00000000d6280000, 0x00000000eab00000)
  object space 363008K, 73% used [0x00000000c0000000,0x00000000d055f110,0x00000000d6280000)
 Metaspace       used 6207K, capacity 7220K, committed 7296K, reserved 1056768K
  class space    used 585K, capacity 616K, committed 640K, reserved 1048576K
}
Event: 34.435 GC heap before
{Heap before GC invocations=23 (full 5):
 PSYoungGen      total 287232K, used 260145K [0x00000000eab00000, 0x0000000100000000, 0x0000000100000000)
  eden space 225280K, 100% used [0x00000000eab00000,0x00000000f8700000,0x00000000f8700000)
  from space 61952K, 56% used [0x00000000f8700000,0x00000000fa90c450,0x00000000fc380000)
  to   space 61952K, 0% used [0x00000000fc380000,0x00000000fc380000,0x0000000100000000)
 ParOldGen       total 363008K, used 267644K [0x00000000c0000000, 0x00000000d6280000, 0x00000000eab00000)
  object space 363008K, 73% used [0x00000000c0000000,0x00000000d055f110,0x00000000d6280000)
 Metaspace       used 6210K, capacity 7220K, committed 7296K, reserved 1056768K
  class space    used 585K, capacity 616K, committed 640K, reserved 1048576K
Event: 36.416 GC heap after
Heap after GC invocations=23 (full 5):
 PSYoungGen      total 261632K, used 61928K [0x00000000eab00000, 0x0000000100000000, 0x0000000100000000)
  eden space 199680K, 0% used [0x00000000eab00000,0x00000000eab00000,0x00000000f6e00000)
  from space 61952K, 99% used [0x00000000fc380000,0x00000000ffffa1f0,0x0000000100000000)
  to   space 74752K, 0% used [0x00000000f6e00000,0x00000000f6e00000,0x00000000fb700000)
 ParOldGen       total 363008K, used 276095K [0x00000000c0000000, 0x00000000d6280000, 0x00000000eab00000)
  object space 363008K, 76% used [0x00000000c0000000,0x00000000d0d9fd78,0x00000000d6280000)
 Metaspace       used 6210K, capacity 7220K, committed 7296K, reserved 1056768K
  class space    used 585K, capacity 616K, committed 640K, reserved 1048576K
}
Event: 37.145 GC heap before
{Heap before GC invocations=24 (full 5):
 PSYoungGen      total 261632K, used 261608K [0x00000000eab00000, 0x0000000100000000, 0x0000000100000000)
  eden space 199680K, 100% used [0x00000000eab00000,0x00000000f6e00000,0x00000000f6e00000)
  from space 61952K, 99% used [0x00000000fc380000,0x00000000ffffa1f0,0x0000000100000000)
  to   space 74752K, 0% used [0x00000000f6e00000,0x00000000f6e00000,0x00000000fb700000)
 ParOldGen       total 363008K, used 276095K [0x00000000c0000000, 0x00000000d6280000, 0x00000000eab00000)
  object space 363008K, 76% used [0x00000000c0000000,0x00000000d0d9fd78,0x00000000d6280000)
 Metaspace       used 6210K, capacity 7220K, committed 7296K, reserved 1056768K
  class space    used 585K, capacity 616K, committed 640K, reserved 1048576K
Event: 40.575 GC heap after
Heap after GC invocations=24 (full 5):
 PSYoungGen      total 274432K, used 31052K [0x00000000eab00000, 0x0000000100000000, 0x0000000100000000)
  eden space 199680K, 0% used [0x00000000eab00000,0x00000000eab00000,0x00000000f6e00000)
  from space 74752K, 41% used [0x00000000f6e00000,0x00000000f8c53000,0x00000000fb700000)
  to   space 70144K, 0% used [0x00000000fbb80000,0x00000000fbb80000,0x0000000100000000)
 ParOldGen       total 363008K, used 338387K [0x00000000c0000000, 0x00000000d6280000, 0x00000000eab00000)
  object space 363008K, 93% used [0x00000000c0000000,0x00000000d4a74dc8,0x00000000d6280000)
 Metaspace       used 6210K, capacity 7220K, committed 7296K, reserved 1056768K
  class space    used 585K, capacity 616K, committed 640K, reserved 1048576K
}
Event: 50.675 GC heap before
{Heap before GC invocations=25 (full 6):
 PSYoungGen      total 274432K, used 31052K [0x00000000eab00000, 0x0000000100000000, 0x0000000100000000)
  eden space 199680K, 0% used [0x00000000eab00000,0x00000000eab00000,0x00000000f6e00000)
  from space 74752K, 41% used [0x00000000f6e00000,0x00000000f8c53000,0x00000000fb700000)
  to   space 70144K, 0% used [0x00000000fbb80000,0x00000000fbb80000,0x0000000100000000)
 ParOldGen       total 363008K, used 338387K [0x00000000c0000000, 0x00000000d6280000, 0x00000000eab00000)
  object space 363008K, 93% used [0x00000000c0000000,0x00000000d4a74dc8,0x00000000d6280000)
 Metaspace       used 6210K, capacity 7220K, committed 7296K, reserved 1056768K
  class space    used 585K, capacity 616K, committed 640K, reserved 1048576K

